# JRE version: Java(TM) SE Runtime Environment (8.0_201-b09) (build 1.8.0_201-b09)
# Java VM: Java HotSpot(TM) 64-Bit Server VM (25.201-b09 mixed mode windows-amd64 compressed oops)
Heap:
 PSYoungGen      total 119296K, used 21294K [0x00000000d5c00000, 0x00000000de700000, 0x0000000100000000)
  eden space 109056K, 10% used [0x00000000d5c00000,0x00000000d66f8010,0x00000000dc680000)
  from space 10240K, 98% used [0x00000000ddd00000,0x00000000de6d3ab8,0x00000000de700000)
  to   space 12288K, 0% used [0x00000000dcf00000,0x00000000dcf00000,0x00000000ddb00000)
 ParOldGen       total 82432K, used 14202K [0x0000000081400000, 0x0000000086480000, 0x00000000d5c00000)
  object space 82432K, 17% used [0x0000000081400000,0x00000000821dea60,0x0000000086480000)
 Metaspace       used 41601K, capacity 43540K, committed 43776K, reserved 1087488K
  class space    used 5471K, capacity 5833K, committed 5888K, reserved 1048576K
GC Heap History (10 events):
Event: 7.420 GC heap before
{Heap before GC invocations=8 (full 1):
 PSYoungGen      total 61440K, used 59418K [0x00000000d5c00000, 0x00000000da180000, 0x0000000100000000)
  eden space 53760K, 100% used [0x00000000d5c00000,0x00000000d9080000,0x00000000d9080000)
  from space 7680K, 73% used [0x00000000d9a00000,0x00000000d9f86920,0x00000000da180000)
  to   space 8704K, 0% used [0x00000000d9080000,0x00000000d9080000,0x00000000d9900000)
 ParOldGen       total 55296K, used 7264K [0x0000000081400000, 0x0000000084a00000, 0x00000000d5c00000)
  object space 55296K, 13% used [0x0000000081400000,0x0000000081b183b0,0x0000000084a00000)
 Metaspace       used 28548K, capacity 29830K, committed 30080K, reserved 1075200K
  class space    used 3841K, capacity 4115K, committed 4224K, reserved 1048576K
Event: 7.429 GC heap after
Heap after GC invocations=8 (full 1):
 PSYoungGen      total 62464K, used 8639K [0x00000000d5c00000, 0x00000000dc300000, 0x0000000100000000)
  eden space 53760K, 0% used [0x00000000d5c00000,0x00000000d5c00000,0x00000000d9080000)
  from space 8704K, 99% used [0x00000000d9080000,0x00000000d98efc50,0x00000000d9900000)
  to   space 9728K, 0% used [0x00000000db980000,0x00000000db980000,0x00000000dc300000)
 ParOldGen       total 55296K, used 7272K [0x0000000081400000, 0x0000000084a00000, 0x00000000d5c00000)
  object space 55296K, 13% used [0x0000000081400000,0x0000000081b1a3b0,0x0000000084a00000)
 Metaspace       used 28548K, capacity 29830K, committed 30080K, reserved 1075200K
  class space    used 3841K, capacity 4115K, committed 4224K, reserved 1048576K
}
Event: 8.513 GC heap before
{Heap before GC invocations=9 (full 1):
 PSYoungGen      total 62464K, used 62399K [0x00000000d5c00000, 0x00000000dc300000, 0x0000000100000000)
  eden space 53760K, 100% used [0x00000000d5c00000,0x00000000d9080000,0x00000000d9080000)
  from space 8704K, 99% used [0x00000000d9080000,0x00000000d98efc50,0x00000000d9900000)
  to   space 9728K, 0% used [0x00000000db980000,0x00000000db980000,0x00000000dc300000)
 ParOldGen       total 55296K, used 7272K [0x0000000081400000, 0x0000000084a00000, 0x00000000d5c00000)
  object space 55296K, 13% used [0x0000000081400000,0x0000000081b1a3b0,0x0000000084a00000)
 Metaspace       used 32863K, capacity 34444K, committed 34560K, reserved 1079296K
  class space    used 4441K, capacity 4760K, committed 4864K, reserved 1048576K
Event: 8.524 GC heap after
Heap after GC invocations=9 (full 1):
 PSYoungGen      total 93696K, used 9719K [0x00000000d5c00000, 0x00000000dc780000, 0x0000000100000000)
  eden space 83968K, 0% used [0x00000000d5c00000,0x00000000d5c00000,0x00000000dae00000)
  from space 9728K, 99% used [0x00000000db980000,0x00000000dc2fdd68,0x00000000dc300000)
  to   space 11776K, 0% used [0x00000000dae00000,0x00000000dae00000,0x00000000db980000)
 ParOldGen       total 55296K, used 8983K [0x0000000081400000, 0x0000000084a00000, 0x00000000d5c00000)
  object space 55296K, 16% used [0x0000000081400000,0x0000000081cc5fc8,0x0000000084a00000)
 Metaspace       used 32863K, capacity 34444K, committed 34560K, reserved 1079296K
  class space    used 4441K, capacity 4760K, committed 4864K, reserved 1048576K
}
Event: 8.768 GC heap before
{Heap before GC invocations=10 (full 1):
 PSYoungGen      total 93696K, used 31474K [0x00000000d5c00000, 0x00000000dc780000, 0x0000000100000000)
  eden space 83968K, 25% used [0x00000000d5c00000,0x00000000d713ecc8,0x00000000dae00000)
  from space 9728K, 99% used [0x00000000db980000,0x00000000dc2fdd68,0x00000000dc300000)
  to   space 11776K, 0% used [0x00000000dae00000,0x00000000dae00000,0x00000000db980000)
 ParOldGen       total 55296K, used 8983K [0x0000000081400000, 0x0000000084a00000, 0x00000000d5c00000)
  object space 55296K, 16% used [0x0000000081400000,0x0000000081cc5fc8,0x0000000084a00000)
 Metaspace       used 33695K, capacity 35306K, committed 35456K, reserved 1079296K
  class space    used 4565K, capacity 4866K, committed 4992K, reserved 1048576K
Event: 8.778 GC heap after
Heap after GC invocations=10 (full 1):
 PSYoungGen      total 95744K, used 6964K [0x00000000d5c00000, 0x00000000de800000, 0x0000000100000000)
  eden space 83968K, 0% used [0x00000000d5c00000,0x00000000d5c00000,0x00000000dae00000)
  from space 11776K, 59% used [0x00000000dae00000,0x00000000db4cd088,0x00000000db980000)
  to   space 11264K, 0% used [0x00000000ddd00000,0x00000000ddd00000,0x00000000de800000)
 ParOldGen       total 55296K, used 11734K [0x0000000081400000, 0x0000000084a00000, 0x00000000d5c00000)
  object space 55296K, 21% used [0x0000000081400000,0x0000000081f75858,0x0000000084a00000)
 Metaspace       used 33695K, capacity 35306K, committed 35456K, reserved 1079296K
  class space    used 4565K, capacity 4866K, committed 4992K, reserved 1048576K
}
Event: 8.778 GC heap before
{Heap before GC invocations=11 (full 2):
 PSYoungGen      total 95744K, used 6964K [0x00000000d5c00000, 0x00000000de800000, 0x0000000100000000)
  eden space 83968K, 0% used [0x00000000d5c00000,0x00000000d5c00000,0x00000000dae00000)
  from space 11776K, 59% used [0x00000000dae00000,0x00000000db4cd088,0x00000000db980000)
  to   space 11264K, 0% used [0x00000000ddd00000,0x00000000ddd00000,0x00000000de800000)
 ParOldGen       total 55296K, used 11734K [0x0000000081400000, 0x0000000084a00000, 0x00000000d5c00000)
  object space 55296K, 21% used [0x0000000081400000,0x0000000081f75858,0x0000000084a00000)
 Metaspace       used 33695K, capacity 35306K, committed 35456K, reserved 1079296K
  class space    used 4565K, capacity 4866K, committed 4992K, reserved 1048576K
Event: 8.856 GC heap after
Heap after GC invocations=11 (full 2):
 PSYoungGen      total 95744K, used 0K [0x00000000d5c00000, 0x00000000de800000, 0x0000000100000000)
  eden space 83968K, 0% used [0x00000000d5c00000,0x00000000d5c00000,0x00000000dae00000)
  from space 11776K, 0% used [0x00000000dae00000,0x00000000dae00000,0x00000000db980000)
  to   space 11264K, 0% used [0x00000000ddd00000,0x00000000ddd00000,0x00000000de800000)
 ParOldGen       total 82432K, used 14186K [0x0000000081400000, 0x0000000086480000, 0x00000000d5c00000)
  object space 82432K, 17% used [0x0000000081400000,0x00000000821daa60,0x0000000086480000)
 Metaspace       used 33695K, capacity 35306K, committed 35456K, reserved 1079296K
  class space    used 4565K, capacity 4866K, committed 4992K, reserved 1048576K
}
Event: 62.443 GC heap before
{Heap before GC invocations=12 (full 2):
 PSYoungGen      total 95744K, used 83967K [0x00000000d5c00000, 0x00000000de800000, 0x0000000100000000)
  eden space 83968K, 99% used [0x00000000d5c00000,0x00000000dadffdb0,0x00000000dae00000)
  from space 11776K, 0% used [0x00000000dae00000,0x00000000dae00000,0x00000000db980000)
  to   space 11264K, 0% used [0x00000000ddd00000,0x00000000ddd00000,0x00000000de800000)
 ParOldGen       total 82432K, used 14186K [0x0000000081400000, 0x0000000086480000, 0x00000000d5c00000)
  object space 82432K, 17% used [0x0000000081400000,0x00000000821daa60,0x0000000086480000)
 Metaspace       used 41277K, capacity 43198K, committed 43520K, reserved 1087488K
  class space    used 5441K, capacity 5792K, committed 5888K, reserved 1048576K
Event: 62.454 GC heap after
Heap after GC invocations=12 (full 2):
 PSYoungGen      total 119296K, used 10062K [0x00000000d5c00000, 0x00000000de700000, 0x0000000100000000)
  eden space 109056K, 0% used [0x00000000d5c00000,0x00000000d5c00000,0x00000000dc680000)
  from space 10240K, 98% used [0x00000000ddd00000,0x00000000de6d3ab8,0x00000000de700000)
  to   space 12288K, 0% used [0x00000000dcf00000,0x00000000dcf00000,0x00000000ddb00000)
 ParOldGen       total 82432K, used 14202K [0x0000000081400000, 0x0000000086480000, 0x00000000d5c00000)
  object space 82432K, 17% used [0x0000000081400000,0x00000000821dea60,0x0000000086480000)
 Metaspace       used 41277K, capacity 43198K, committed 43520K, reserved 1087488K
  class space    used 5441K, capacity 5792K, committed 5888K, reserved 1048576K
}

